<?xml version="1.0" encoding="utf-8"?><testsuites name="pytest tests"><testsuite name="pytest" errors="0" failures="0" skipped="0" tests="14" time="4.256" timestamp="2026-05-13T19:21:58.996057+00:00" hostname="agent-env-12c37d00-7d5e-4185-b777-ffb2f9874b0a"><testcase classname="backend.tests.test_progression" name="test_health_returns_ok" time="0.375" /><testcase classname="backend.tests.test_progression" name="test_get_progress_brand_new_session_returns_zeroed" time="0.123" /><testcase classname="backend.tests.test_progression" name="test_save_progress_persists_and_monotonic" time="0.662" /><testcase classname="backend.tests.test_progression" name="test_purchase_unlock_deducts_and_increments" time="0.404" /><testcase classname="backend.tests.test_progression" name="test_purchase_insufficient_shards_returns_400" time="0.143" /><testcase classname="backend.tests.test_progression" name="test_purchase_unknown_unlock_id_returns_400" time="0.124" /><testcase classname="backend.tests.test_progression" name="test_purchase_maxed_unlock_returns_400" time="0.600" /><testcase classname="backend.tests.test_progression" name="test_leaderboard_returns_top_list" time="0.123" /><testcase classname="backend.tests.test_progression" name="test_scores_regression_submit_and_top" time="0.248" /><testcase classname="backend.tests.test_api" name="test_api_root" time="0.128" /><testcase classname="backend.tests.test_api" name="test_api_health" time="0.176" /><testcase classname="backend.tests.test_api" name="test_get_top_scores_empty_or_list" time="0.170" /><testcase classname="backend.tests.test_api" name="test_submit_score_and_verify" time="0.154" /><testcase classname="backend.tests.test_api" name="test_submitted_score_appears_in_top" time="0.643" /></testsuite></testsuites>