<?xml version="1.0" encoding="utf-8"?><testsuites name="pytest tests"><testsuite name="pytest" errors="0" failures="0" skipped="0" tests="5" time="1.391" timestamp="2026-05-12T20:07:35.282406+00:00" hostname="agent-env-ed3300df-9e6e-46a6-a616-bb709685bd0c"><testcase classname="backend.tests.test_api" name="test_api_root" time="0.334" /><testcase classname="backend.tests.test_api" name="test_api_health" time="0.225" /><testcase classname="backend.tests.test_api" name="test_get_top_scores_empty_or_list" time="0.139" /><testcase classname="backend.tests.test_api" name="test_submit_score_and_verify" time="0.195" /><testcase classname="backend.tests.test_api" name="test_submitted_score_appears_in_top" time="0.400" /></testsuite></testsuites>